<?xml version="1.0" encoding="UTF-8"?>
<!-- Generated by org.testng.reporters.JUnitReportReporter -->
<testsuite hostname="Dell-KM" failures="0" tests="1" name="com.automation.AmazomAutomation" time="9.941" errors="0" timestamp="2022-09-23T09:14:29 EDT" skipped="0">
  <testcase classname="com.automation.AmazomAutomation" name="setup" time="9.941"/>
  <system-out/>
</testsuite> <!-- com.automation.AmazomAutomation -->
